GET / 0.627
GET / 4.488
GET / 0.520
GET / 4.866
GET / 3.482
GET / 4.142
GET / 0.405
GET / 0.335
GET / 0.303
GET / 2.316
GET / 0.879
GET / 0.467
GET / 0.427
GET / 19.321
GET / 1.769
POST / 3.813
POST / 84.748
POST / -
POST / -
POST / -
POST / 86.018
POST / 108.659
POST / 118.141
POST / 131.749
POST / 4.521
POST / 97.473
POST / 25.228
POST / 7.448
POST / 11.641
GET /images/icons/gear.png 2.629
GET / 3.220
GET / 13.030
POST / 12.559
GET / 2.319
POST / 11.122
GET /images/icons/gear.png 1.756
POST / 5.822
GET /images/icons/gear.png 0.518
POST / 22.347
POST / 7.085
POST / 11.409
POST / 27.497
POST / 21.833
POST / 7.232
POST / 7.578
POST / 6.801
GET / 16.218
POST / 13.550
POST / 5.256
POST / 5.049
POST / 2.531
POST / 4.546
POST / 7.509
POST / 13.911
POST / 311.441
POST / 307.578
POST / 281.896
POST / 279.923
POST / 11.656
POST / 198.384
POST / 9.438
POST / 201.270
POST / 166.247
POST / 172.917
POST / 8.353
POST / 8.376
POST / 165.202
POST / 12.493
POST / 199.498
POST / 173.210
POST / 14.235
POST / 214.210
POST / 16.590
POST / 162.563
POST / -
POST / -
POST / 11.109
POST / 148.769
POST / 236.888
POST / 226.633
POST / 295.356
POST / 202.283
POST / 227.262
POST / 26.978
POST / 231.252
POST / 313.795
POST / 369.205
POST / 1.839
GET /create 14.015
GET /create 26.619
POST /create 313.010
GET /create 17.707
GET / 2.967
GET /login 0.853
GET /login 0.484
GET /login 0.641
GET /login 0.332
GET /create 13.691
GET /favicon.ico 0.412
GET /login 0.240
GET /login 0.485
GET /login 0.529
GET /login 0.329
GET /login 0.265
GET /login 0.349
POST /login -
POST /login -
POST /login -
GET /create 19.166
GET /login 3.685
GET /login 2.635
GET /login 9.614
GET /login 1.963
GET /login 5.813
GET /login 8.672
GET /login 10.171
GET /login 7.118
POST /login -
GET /login 10.753
GET /login 10.793
POST /login 485.126
GET /images/icons/gear.png 2.302
GET /login 2.085
POST /login 426.194
GET /images/icons/gear.png 2.477
GET /create 15.329
GET /login 9.714
GET /userDetails 2.575
GET /userDetails 0.451
GET /userDetails 0.280
GET /userDetails 3.621
GET /userDetails 3.732
GET /userDetails 4.942
GET /userDetails 4.249
GET /userDetails 6.738
GET /userDetails 0.485
GET /userDetails 9.979
GET /userDetails 6.245
GET /userDetails 0.963
GET /userDetails 6.614
GET /userDetails -
